Determining if the function sgemm_ exists failed with the following output:
Change Dir: /home/ruiqi/Desktop/Antobot/build_isolated/zed_nodelets/CMakeFiles/CMakeTmp

Run Build Command(s):/usr/bin/make cmTC_bcd71/fast && /usr/bin/make -f CMakeFiles/cmTC_bcd71.dir/build.make CMakeFiles/cmTC_bcd71.dir/build
make[1]: 进入目录“/home/ruiqi/Desktop/Antobot/build_isolated/zed_nodelets/CMakeFiles/CMakeTmp”
Building C object CMakeFiles/cmTC_bcd71.dir/CheckFunctionExists.c.o
/usr/bin/cc   -DCHECK_FUNCTION_EXISTS=sgemm_   -o CMakeFiles/cmTC_bcd71.dir/CheckFunctionExists.c.o   -c /usr/share/cmake-3.16/Modules/CheckFunctionExists.c
Linking C executable cmTC_bcd71
/usr/bin/cmake -E cmake_link_script CMakeFiles/cmTC_bcd71.dir/link.txt --verbose=1
/usr/bin/cc  -DCHECK_FUNCTION_EXISTS=sgemm_    CMakeFiles/cmTC_bcd71.dir/CheckFunctionExists.c.o  -o cmTC_bcd71 
/usr/bin/ld: CMakeFiles/cmTC_bcd71.dir/CheckFunctionExists.c.o: in function `main':
CheckFunctionExists.c:(.text+0x14): undefined reference to `sgemm_'
collect2: error: ld returned 1 exit status
make[1]: *** [CMakeFiles/cmTC_bcd71.dir/build.make:87：cmTC_bcd71] 错误 1
make[1]: 离开目录“/home/ruiqi/Desktop/Antobot/build_isolated/zed_nodelets/CMakeFiles/CMakeTmp”
make: *** [Makefile:121：cmTC_bcd71/fast] 错误 2



Performing C SOURCE FILE Test CMAKE_HAVE_LIBC_PTHREAD failed with the following output:
Change Dir: /home/ruiqi/Desktop/Antobot/build_isolated/zed_nodelets/CMakeFiles/CMakeTmp

Run Build Command(s):/usr/bin/make cmTC_abe47/fast && /usr/bin/make -f CMakeFiles/cmTC_abe47.dir/build.make CMakeFiles/cmTC_abe47.dir/build
make[1]: 进入目录“/home/ruiqi/Desktop/Antobot/build_isolated/zed_nodelets/CMakeFiles/CMakeTmp”
Building C object CMakeFiles/cmTC_abe47.dir/src.c.o
/usr/bin/cc   -DCMAKE_HAVE_LIBC_PTHREAD   -o CMakeFiles/cmTC_abe47.dir/src.c.o   -c /home/ruiqi/Desktop/Antobot/build_isolated/zed_nodelets/CMakeFiles/CMakeTmp/src.c
Linking C executable cmTC_abe47
/usr/bin/cmake -E cmake_link_script CMakeFiles/cmTC_abe47.dir/link.txt --verbose=1
/usr/bin/cc  -DCMAKE_HAVE_LIBC_PTHREAD    CMakeFiles/cmTC_abe47.dir/src.c.o  -o cmTC_abe47 
/usr/bin/ld: CMakeFiles/cmTC_abe47.dir/src.c.o: in function `main':
src.c:(.text+0x46): undefined reference to `pthread_create'
/usr/bin/ld: src.c:(.text+0x52): undefined reference to `pthread_detach'
/usr/bin/ld: src.c:(.text+0x63): undefined reference to `pthread_join'
collect2: error: ld returned 1 exit status
make[1]: *** [CMakeFiles/cmTC_abe47.dir/build.make:87：cmTC_abe47] 错误 1
make[1]: 离开目录“/home/ruiqi/Desktop/Antobot/build_isolated/zed_nodelets/CMakeFiles/CMakeTmp”
make: *** [Makefile:121：cmTC_abe47/fast] 错误 2


Source file was:
#include <pthread.h>

void* test_func(void* data)
{
  return data;
}

int main(void)
{
  pthread_t thread;
  pthread_create(&thread, NULL, test_func, NULL);
  pthread_detach(thread);
  pthread_join(thread, NULL);
  pthread_atfork(NULL, NULL, NULL);
  pthread_exit(NULL);

  return 0;
}

Determining if the function pthread_create exists in the pthreads failed with the following output:
Change Dir: /home/ruiqi/Desktop/Antobot/build_isolated/zed_nodelets/CMakeFiles/CMakeTmp

Run Build Command(s):/usr/bin/make cmTC_7ba11/fast && /usr/bin/make -f CMakeFiles/cmTC_7ba11.dir/build.make CMakeFiles/cmTC_7ba11.dir/build
make[1]: 进入目录“/home/ruiqi/Desktop/Antobot/build_isolated/zed_nodelets/CMakeFiles/CMakeTmp”
Building C object CMakeFiles/cmTC_7ba11.dir/CheckFunctionExists.c.o
/usr/bin/cc   -DCHECK_FUNCTION_EXISTS=pthread_create   -o CMakeFiles/cmTC_7ba11.dir/CheckFunctionExists.c.o   -c /usr/share/cmake-3.16/Modules/CheckFunctionExists.c
Linking C executable cmTC_7ba11
/usr/bin/cmake -E cmake_link_script CMakeFiles/cmTC_7ba11.dir/link.txt --verbose=1
/usr/bin/cc  -DCHECK_FUNCTION_EXISTS=pthread_create    CMakeFiles/cmTC_7ba11.dir/CheckFunctionExists.c.o  -o cmTC_7ba11  -lpthreads 
/usr/bin/ld: 找不到 -lpthreads
collect2: error: ld returned 1 exit status
make[1]: *** [CMakeFiles/cmTC_7ba11.dir/build.make:87：cmTC_7ba11] 错误 1
make[1]: 离开目录“/home/ruiqi/Desktop/Antobot/build_isolated/zed_nodelets/CMakeFiles/CMakeTmp”
make: *** [Makefile:121：cmTC_7ba11/fast] 错误 2



